Wed Aug 22 12:39:36 EDT 2012:          Rejected "127.0.0.1". Reason: unresponsive at request connection password phase.
Wed Aug 22 12:18:08 EDT 2012:          Server started.
Wed Aug 22 12:40:24 EDT 2012:          Rejected "127.0.0.1". Reason: unresponsive at request connection password phase.
Wed Aug 22 12:18:10 EDT 2012:          Server stopped.
Wed Aug 22 12:18:11 EDT 2012:          Server started.
Wed Aug 22 12:41:27 EDT 2012:          Rejected "127.0.0.1". Reason: unresponsive at request connection password phase.
Wed Aug 22 12:18:11 EDT 2012:          Server stopped.
Wed Aug 22 12:43:35 EDT 2012:          Rejected "127.0.0.1". Reason: unresponsive at request connection password phase.
Wed Aug 22 12:39:17 EDT 2012:          Server started.
Wed Aug 22 12:40:11 EDT 2012:          Server started.
Wed Aug 22 12:44:20 EDT 2012:          Rejected "127.0.0.1". Reason: unresponsive at request connection password phase.
Wed Aug 22 12:41:13 EDT 2012:          Server started.
Wed Aug 22 12:43:22 EDT 2012:          Server started.
Wed Aug 22 12:50:05 EDT 2012:          Rejected "127.0.0.1". Reason: unresponsive at request connection password phase.
Wed Aug 22 12:50:47 EDT 2012:          Server started.
Thu Aug 23 10:07:55 EDT 2012:          Server started.
Wed Aug 22 12:50:43 EDT 2012:          Connection to whiteboard server "/127.0.0.1" was lost.
Thu Aug 23 10:10:17 EDT 2012:          Server started.
Wed Aug 22 12:51:00 EDT 2012:          Connection to whiteboard server "/127.0.0.1" was lost.
Thu Aug 23 10:15:57 EDT 2012:          Server started.
Thu Aug 23 10:49:25 EDT 2012:          Server started.
Thu Aug 23 10:08:00 EDT 2012:          Accepted "192.168.1.101". Reason: all tests passed.
Thu Aug 23 10:51:45 EDT 2012:          Server started.
Thu Aug 23 10:52:16 EDT 2012:          Server started.
Thu Aug 23 10:08:10 EDT 2012:          Connection to whiteboard server "192.168.1.101" was lost.
Thu Aug 23 10:10:20 EDT 2012:          Accepted "192.168.1.101". Reason: all tests passed.
Thu Aug 23 10:11:20 EDT 2012:          Connection to whiteboard server "192.168.1.101" was lost.
Thu Aug 23 10:16:03 EDT 2012:          Accepted "192.168.1.101". Reason: all tests passed.
Thu Aug 23 10:16:25 EDT 2012:          Connection to whiteboard server "192.168.1.101" was lost.
Thu Aug 23 10:49:34 EDT 2012:          Accepted "192.168.1.101". Reason: all tests passed.
Thu Aug 23 10:49:40 EDT 2012:          Connection to whiteboard server "192.168.1.101" was lost.
Thu Aug 23 10:51:44 EDT 2012:          Waiting for an incoming connection.
Thu Aug 23 10:52:16 EDT 2012:          Waiting for an incoming connection.
Thu Aug 23 10:52:54 EDT 2012:          Server started.
Thu Aug 23 10:53:58 EDT 2012:          Server started.
Thu Aug 23 10:59:10 EDT 2012:          Server started.
Thu Aug 23 11:00:55 EDT 2012:          Server started.
Thu Aug 23 11:13:17 EDT 2012:          Server started.
Tue Aug 28 12:36:09 EDT 2012:          Server started.
Tue Aug 28 12:37:14 EDT 2012:          Server started.
Tue Aug 28 12:38:46 EDT 2012:          Server started.
Tue Aug 28 12:46:02 EDT 2012:          Server started.
Tue Aug 28 12:47:34 EDT 2012:          Server started.
Tue Aug 28 13:04:22 EDT 2012:          Server started.
Tue Aug 28 13:05:57 EDT 2012:          Server started.
Tue Aug 28 13:09:44 EDT 2012:          Server started.
Tue Aug 28 13:11:44 EDT 2012:          Server started.
Tue Aug 28 13:12:50 EDT 2012:          Server started.
Wed Aug 29 10:57:30 EDT 2012:          Server started.
Wed Aug 29 11:34:57 EDT 2012:          Server started.
Wed Aug 29 11:45:08 EDT 2012:          Server started.
Wed Aug 29 11:53:41 EDT 2012:          Server started.
Wed Aug 29 12:00:44 EDT 2012:          Server started.
Wed Aug 29 12:01:34 EDT 2012:          Server started.
Wed Aug 29 12:11:00 EDT 2012:          Server started.
Wed Aug 29 12:15:30 EDT 2012:          Server started.
Wed Aug 29 12:16:49 EDT 2012:          Server started.
Wed Aug 29 12:18:09 EDT 2012:          Server started.
Wed Aug 29 13:05:17 EDT 2012:          Server started.
Wed Aug 29 13:20:48 EDT 2012:          Server started.
Thu Aug 30 09:47:20 EDT 2012:          Server started.
Thu Aug 30 09:57:10 EDT 2012:          Server started.
Thu Aug 30 09:58:17 EDT 2012:          Server started.
Thu Aug 30 10:06:25 EDT 2012:          Server started.
Thu Aug 30 10:11:02 EDT 2012:          Server started.
Thu Aug 30 10:11:13 EDT 2012:          Server stopped.
Thu Aug 30 11:10:11 EDT 2012:          Server started.
Thu Aug 30 11:14:33 EDT 2012:          Server started.
Thu Aug 30 11:16:31 EDT 2012:          Server started.
Thu Aug 30 11:43:39 EDT 2012:          Server started.
Thu Aug 30 11:56:38 EDT 2012:          Server started.
Thu Aug 30 12:01:09 EDT 2012:          Server started.
Thu Aug 30 12:16:41 EDT 2012:          Server started.
Thu Aug 30 12:19:38 EDT 2012:          Server started.
Thu Aug 30 12:32:42 EDT 2012:          Server started.
Thu Aug 30 12:39:59 EDT 2012:          Server stopped.
Fri Sep 28 10:31:46 EDT 2012:          Server started.
Fri Oct 05 21:29:47 EDT 2012:          Server started.
Fri Oct 05 21:41:35 EDT 2012:          Server started.
Fri Oct 05 22:16:19 EDT 2012:          Server started.
Sun Oct 21 18:05:02 EDT 2012:          Server started.
Sun Oct 21 18:12:15 EDT 2012:          Server started.
Sun Oct 21 21:06:19 EDT 2012:          Server started.
Wed Oct 24 16:34:42 EDT 2012:          Server started.
Wed Oct 24 16:34:45 EDT 2012:          Server stopped.
Wed Oct 24 16:34:46 EDT 2012:          Server started.
Wed Oct 24 16:34:46 EDT 2012:          Server stopped.
Wed Oct 24 16:34:47 EDT 2012:          Server started.
Wed Oct 24 16:34:48 EDT 2012:          Server stopped.
Wed Oct 24 16:34:48 EDT 2012:          Server started.
Wed Oct 24 16:34:49 EDT 2012:          Server stopped.
Wed Oct 24 16:34:57 EDT 2012:          Server started.
Wed Oct 24 16:34:58 EDT 2012:          Server stopped.
Wed Nov 07 16:45:04 EST 2012:          Server started.
Wed Nov 07 16:45:08 EST 2012:          Server stopped.
Wed Nov 07 16:45:20 EST 2012:          Server started.
Mon Nov 26 15:04:10 EST 2012:          Server started.
Mon Nov 26 16:29:08 EST 2012:          Server started.
Mon Nov 26 16:29:45 EST 2012:          Server started.
Mon Nov 26 17:35:09 EST 2012:          Server started.
Mon Nov 26 17:37:11 EST 2012:          Server started.
Mon Nov 26 17:39:51 EST 2012:          Server started.
Mon Nov 26 17:41:58 EST 2012:          Server started.
Mon Nov 26 17:43:12 EST 2012:          Server started.
Mon Nov 26 17:44:46 EST 2012:          Server started.
Tue Nov 27 16:21:36 EST 2012:          Server started.
Tue Nov 27 16:25:07 EST 2012:          Server started.
Tue Nov 27 16:28:10 EST 2012:          Server started.
Tue Nov 27 16:29:21 EST 2012:          Server started.
Tue Nov 27 16:32:43 EST 2012:          Server started.
Tue Nov 27 16:32:47 EST 2012:          Server stopped.
Tue Nov 27 16:34:29 EST 2012:          Server started.
Tue Nov 27 16:35:51 EST 2012:          Server started.
Tue Nov 27 16:49:25 EST 2012:          Server started.
Tue Nov 27 17:14:42 EST 2012:          Server started.
Wed Nov 28 11:54:07 EST 2012:          Server started.
Wed Nov 28 12:13:17 EST 2012:          Server started.
Wed Nov 28 12:22:52 EST 2012:          Server started.
Wed Nov 28 12:35:19 EST 2012:          Server started.
Wed Nov 28 12:45:30 EST 2012:          Server started.
Wed Nov 28 12:49:22 EST 2012:          Server started.
Wed Nov 28 12:52:10 EST 2012:          Server started.
Wed Nov 28 12:55:52 EST 2012:          Server started.
Wed Nov 28 12:57:17 EST 2012:          Server started.
Wed Nov 28 13:07:27 EST 2012:          Server started.
Wed Nov 28 15:15:45 EST 2012:          Server started.
Wed Nov 28 15:17:10 EST 2012:          Server started.
Wed Nov 28 15:31:49 EST 2012:          Server started.
Wed Nov 28 15:56:46 EST 2012:          Server started.
Wed Nov 28 15:57:52 EST 2012:          Server started.
Wed Nov 28 16:00:59 EST 2012:          Server started.
Wed Nov 28 16:05:59 EST 2012:          Server started.
Wed Nov 28 16:09:26 EST 2012:          Server started.
Wed Nov 28 16:10:51 EST 2012:          Server started.
Wed Nov 28 16:19:56 EST 2012:          Server started.
Wed Nov 28 17:26:29 EST 2012:          Server started.
Wed Nov 28 17:27:56 EST 2012:          Server started.
Thu Nov 29 12:10:28 EST 2012:          Server started.
Thu Nov 29 14:57:43 EST 2012:          Server started.
Thu Nov 29 15:08:04 EST 2012:          Server started.
Thu Nov 29 16:09:59 EST 2012:          Server started.
Thu Nov 29 16:15:42 EST 2012:          Server started.
Thu Nov 29 16:16:39 EST 2012:          Server started.
Thu Nov 29 16:20:55 EST 2012:          Server started.
Thu Nov 29 16:59:46 EST 2012:          Server started.
Thu Nov 29 17:01:01 EST 2012:          Server started.
Thu Nov 29 17:02:35 EST 2012:          Server started.
Thu Nov 29 17:07:46 EST 2012:          Server started.
Thu Nov 29 17:12:03 EST 2012:          Server started.
Thu Nov 29 18:38:28 EST 2012:          Server started.
Thu Nov 29 18:39:07 EST 2012:          Server started.
Thu Nov 29 18:42:24 EST 2012:          Server started.
Thu Nov 29 18:46:56 EST 2012:          Server started.
Thu Nov 29 19:01:34 EST 2012:          Server started.
Thu Nov 29 19:06:09 EST 2012:          Server started.
Thu Nov 29 19:17:45 EST 2012:          Server started.
Thu Nov 29 19:20:32 EST 2012:          Server started.
Thu Nov 29 19:24:48 EST 2012:          Server started.
Thu Nov 29 19:29:34 EST 2012:          Server started.
Thu Nov 29 19:41:04 EST 2012:          Server started.
Thu Nov 29 19:42:48 EST 2012:          Server started.
Thu Nov 29 20:02:22 EST 2012:          Server started.
Thu Nov 29 20:03:30 EST 2012:          Server started.
Thu Nov 29 20:05:48 EST 2012:          Server stopped.
Thu Nov 29 20:12:12 EST 2012:          Server started.
Thu Nov 29 20:30:03 EST 2012:          Server started.
Fri Nov 30 15:32:10 EST 2012:          Server started.
Fri Nov 30 16:19:18 EST 2012:          Server started.
Fri Nov 30 16:51:11 EST 2012:          Server started.
Fri Nov 30 16:52:34 EST 2012:          Server started.
Fri Nov 30 17:29:18 EST 2012:          Server started.
Fri Nov 30 17:40:58 EST 2012:          Server stopped.
Fri Nov 30 17:53:27 EST 2012:          Server started.
Fri Nov 30 18:04:18 EST 2012:          Server stopped.
Mon Dec 03 21:33:49 EST 2012:          Server started.
Thu Dec 20 15:45:42 EST 2012:          Server started.
Thu Dec 20 15:53:10 EST 2012:          Server started.
Thu Dec 20 16:05:57 EST 2012:          Server started.
Fri Dec 21 19:58:19 EST 2012:          Server started.
Fri Dec 21 20:15:57 EST 2012:          Server started.
Fri Dec 21 21:04:06 EST 2012:          Server started.
Fri Dec 21 21:05:35 EST 2012:          Server started.
Fri Dec 21 21:08:21 EST 2012:          Server started.
Fri Dec 21 21:25:32 EST 2012:          Server started.
Fri Dec 21 21:33:15 EST 2012:          Server started.
Sun Dec 23 19:16:46 EST 2012:          Server started.
Sun Dec 23 19:28:28 EST 2012:          Server started.
Sun Dec 23 19:38:18 EST 2012:          Server started.
Sun Dec 23 19:46:32 EST 2012:          Server started.
Sun Dec 23 19:49:50 EST 2012:          Server started.
Sun Dec 23 19:53:36 EST 2012:          Server started.
Sun Dec 23 19:55:57 EST 2012:          Server started.
Sun Dec 23 19:56:04 EST 2012:          Server stopped.
Sun Dec 23 19:56:19 EST 2012:          Server started.
Sun Dec 23 19:56:40 EST 2012:          Server started.
Sun Dec 23 20:10:24 EST 2012:          Server started.
Sun Dec 23 20:15:36 EST 2012:          Server started.
Sun Dec 23 20:19:49 EST 2012:          Server started.
Sun Dec 23 20:22:34 EST 2012:          Server started.
Sun Dec 23 20:36:35 EST 2012:          Server started.
Sun Dec 23 21:32:39 EST 2012:          Server stopped.
Sun Dec 23 21:56:22 EST 2012:          Server started.
Mon Dec 24 11:00:22 EST 2012:          Server started.
Tue Dec 25 13:21:11 EST 2012:          Server started.
Tue Dec 25 13:43:43 EST 2012:          Server started.
Tue Dec 25 13:48:31 EST 2012:          Server started.
Tue Dec 25 13:54:50 EST 2012:          Server started.
Tue Dec 25 20:13:31 EST 2012:          Server started.
Tue Dec 25 20:59:04 EST 2012:          Server started.
Tue Dec 25 21:53:16 EST 2012:          Server started.
Tue Dec 25 22:10:28 EST 2012:          Server started.
Tue Dec 25 22:13:56 EST 2012:          Server started.
Wed Dec 26 11:37:04 EST 2012:          Server started.
Wed Dec 26 11:46:50 EST 2012:          Server started.
Wed Dec 26 12:42:40 EST 2012:          Server started.
Wed Dec 26 13:15:54 EST 2012:          Server started.
Wed Dec 26 15:35:26 EST 2012:          Server started.
Wed Dec 26 15:53:18 EST 2012:          Server started.
Wed Dec 26 16:45:17 EST 2012:          Server started.
Wed Dec 26 16:59:46 EST 2012:          Server started.
Wed Dec 26 18:19:45 EST 2012:          Server started.
Wed Dec 26 22:09:48 EST 2012:          Server started.
Wed Dec 26 22:16:27 EST 2012:          Server started.
Wed Dec 26 22:19:24 EST 2012:          Server started.
Wed Dec 26 22:20:41 EST 2012:          Server started.
Wed Dec 26 23:25:00 EST 2012:          Server started.
Thu Dec 27 11:24:23 EST 2012:          Server started.
Thu Dec 27 15:52:00 EST 2012:          Server started.
Thu Dec 27 15:57:10 EST 2012:          Server started.
Thu Dec 27 16:43:26 EST 2012:          Server started.
Thu Dec 27 16:45:30 EST 2012:          Server started.
Thu Dec 27 17:05:47 EST 2012:          Server started.
Thu Dec 27 17:09:59 EST 2012:          Server started.
Thu Dec 27 17:30:06 EST 2012:          Server started.
Thu Dec 27 17:58:13 EST 2012:          Server started.
Thu Dec 27 18:01:07 EST 2012:          Server started.
Thu Dec 27 19:00:04 EST 2012:          Server started.
Thu Dec 27 19:21:33 EST 2012:          Server started.
Thu Dec 27 19:23:49 EST 2012:          Server started.
Thu Dec 27 19:27:14 EST 2012:          Server started.
Thu Dec 27 19:36:07 EST 2012:          Server started.
Mon Jan 07 21:45:53 EST 2013:          Server started.
Tue May 14 15:11:41 EDT 2013:          Server started.
Tue May 14 15:15:30 EDT 2013:          Server stopped.
Thu Aug 29 18:21:38 EDT 2013:          Server started.
Thu Aug 29 18:24:05 EDT 2013:          Server stopped.
Mon Oct 14 16:55:24 EDT 2013:          Server started.
Sat Oct 26 14:40:58 EDT 2013:          Server started.
Sat Oct 26 14:44:32 EDT 2013:          Server stopped.
Sat Aug 22 20:30:16 EDT 2015:          Server started.
Sat Aug 22 20:31:38 EDT 2015:          Server started.
Sat Aug 22 20:33:35 EDT 2015:          Server started.
Sat Aug 22 20:37:07 EDT 2015:          Server started.
Sat Aug 22 20:41:18 EDT 2015:          Server started.
Sat Aug 22 20:47:13 EDT 2015:          Server started.
Sat Aug 22 20:50:20 EDT 2015:          Server started.
Sat Aug 22 20:54:31 EDT 2015:          Server started.
Sat Aug 22 21:08:18 EDT 2015:          Server started.
Sat Aug 22 21:46:59 EDT 2015:          Server started.
Sat Aug 22 21:47:26 EDT 2015:          Server stopped.
Sat Aug 22 21:48:05 EDT 2015:          Server started.
Sat Aug 22 21:59:34 EDT 2015:          Server started.
