Wed Dec 26 22:16:00 EST 2012:          The connection to the database server he ended unexpectedly due to an internet error. The server has been stopped.
Wed Dec 26 22:16:32 EST 2012:          The database server has accepted this machine's IP address.
Wed Dec 26 22:16:00 EST 2012:          The connection to the database server he ended unexpectedly due to an internet error. The server has been stopped.
Wed Dec 26 22:16:33 EST 2012:          The database server has accepted this machine's connection password.
Wed Dec 26 22:16:32 EST 2012:          The database server has accepted this machine's IP address.
Wed Dec 26 22:16:33 EST 2012:          Successfully connected to the database server "localhost" on port 9000.
Wed Dec 26 22:16:33 EST 2012:          The database server has accepted this machine's connection password.
Wed Dec 26 22:16:34 EST 2012:          Server started.
Wed Dec 26 22:16:33 EST 2012:          Successfully connected to the database server "localhost" on port 9000.
Wed Dec 26 22:16:34 EST 2012:          Server started.
Wed Dec 26 22:18:54 EST 2012:          The connection to the database server he ended unexpectedly due to an internet error. The server has been stopped.
Wed Dec 26 22:18:54 EST 2012:          The connection to the database server he ended unexpectedly due to an internet error. The server has been stopped.
Wed Dec 26 22:19:28 EST 2012:          The database server has accepted this machine's IP address.
Wed Dec 26 22:19:28 EST 2012:          The database server has accepted this machine's connection password.
Wed Dec 26 22:19:28 EST 2012:          Successfully connected to the database server "localhost" on port 9000.
Wed Dec 26 22:19:30 EST 2012:          Server started.
Wed Dec 26 22:20:14 EST 2012:          The connection to the database server he ended unexpectedly due to an internet error. The server has been stopped.
Wed Dec 26 22:16:00 EST 2012:          The connection to the database server he ended unexpectedly due to an internet error. The server has been stopped.
Wed Dec 26 22:16:32 EST 2012:          The database server has accepted this machine's IP address.
Wed Dec 26 22:16:00 EST 2012:          The connection to the database server he ended unexpectedly due to an internet error. The server has been stopped.
Wed Dec 26 22:16:33 EST 2012:          The database server has accepted this machine's connection password.
Wed Dec 26 22:16:32 EST 2012:          The database server has accepted this machine's IP address.
Wed Dec 26 22:16:33 EST 2012:          Successfully connected to the database server "localhost" on port 9000.
Wed Dec 26 22:16:33 EST 2012:          The database server has accepted this machine's connection password.
Wed Dec 26 22:16:34 EST 2012:          Server started.
Wed Dec 26 22:16:33 EST 2012:          Successfully connected to the database server "localhost" on port 9000.
Wed Dec 26 22:16:34 EST 2012:          Server started.
Wed Dec 26 22:18:54 EST 2012:          The connection to the database server he ended unexpectedly due to an internet error. The server has been stopped.
Wed Dec 26 22:18:54 EST 2012:          The connection to the database server he ended unexpectedly due to an internet error. The server has been stopped.
Wed Dec 26 22:19:28 EST 2012:          The database server has accepted this machine's IP address.
Wed Dec 26 22:19:28 EST 2012:          The database server has accepted this machine's connection password.
Wed Dec 26 22:19:28 EST 2012:          Successfully connected to the database server "localhost" on port 9000.
Wed Dec 26 22:19:30 EST 2012:          Server started.
Wed Dec 26 22:20:14 EST 2012:          The connection to the database server he ended unexpectedly due to an internet error. The server has been stopped.
Wed Dec 26 22:20:45 EST 2012:          The database server has accepted this machine's IP address.
Wed Dec 26 22:20:45 EST 2012:          The database server has accepted this machine's connection password.
Wed Dec 26 22:20:45 EST 2012:          Successfully connected to the database server "localhost" on port 9000.
Wed Dec 26 22:20:47 EST 2012:          Server started.
Wed Dec 26 23:25:05 EST 2012:          The database server has accepted this machine's IP address.
Wed Dec 26 23:25:05 EST 2012:          The database server has accepted this machine's connection password.
Wed Dec 26 23:25:05 EST 2012:          Successfully connected to the database server "localhost" on port 9000.
Wed Dec 26 23:25:07 EST 2012:          Server started.
Wed Dec 26 23:27:18 EST 2012:          The database server has accepted this machine's IP address.
Wed Dec 26 23:27:18 EST 2012:          The database server has accepted this machine's connection password.
Wed Dec 26 23:27:18 EST 2012:          Successfully connected to the database server "localhost" on port 9000.
Wed Dec 26 23:27:19 EST 2012:          Server started.
Wed Dec 26 23:31:28 EST 2012:          The database server has accepted this machine's IP address.
Wed Dec 26 23:31:29 EST 2012:          The database server has accepted this machine's connection password.
Wed Dec 26 23:31:29 EST 2012:          Successfully connected to the database server "localhost" on port 9000.
Wed Dec 26 23:31:30 EST 2012:          Server started.
Wed Dec 26 23:42:25 EST 2012:          The database server has accepted this machine's IP address.
Wed Dec 26 23:42:25 EST 2012:          The database server has accepted this machine's connection password.
Wed Dec 26 23:42:25 EST 2012:          Successfully connected to the database server "localhost" on port 9000.
Wed Dec 26 23:42:28 EST 2012:          Server started.
Wed Dec 26 23:44:15 EST 2012:          The database server has accepted this machine's IP address.
Wed Dec 26 23:44:15 EST 2012:          The database server has accepted this machine's connection password.
Wed Dec 26 23:44:15 EST 2012:          Successfully connected to the database server "localhost" on port 9000.
Wed Dec 26 23:44:18 EST 2012:          Server started.
Wed Dec 26 23:49:15 EST 2012:          The database server has accepted this machine's IP address.
Wed Dec 26 23:49:15 EST 2012:          The database server has accepted this machine's connection password.
Wed Dec 26 23:49:15 EST 2012:          Successfully connected to the database server "localhost" on port 9000.
Wed Dec 26 23:49:18 EST 2012:          Server started.
Thu Dec 27 11:24:29 EST 2012:          The database server has accepted this machine's IP address.
Thu Dec 27 11:24:29 EST 2012:          The database server has accepted this machine's connection password.
Thu Dec 27 11:24:29 EST 2012:          Successfully connected to the database server "localhost" on port 9000.
Thu Dec 27 11:24:30 EST 2012:          Server started.
Thu Dec 27 11:39:23 EST 2012:          The database server has accepted this machine's IP address.
Thu Dec 27 11:39:23 EST 2012:          The database server has accepted this machine's connection password.
Thu Dec 27 11:39:24 EST 2012:          Successfully connected to the database server "localhost" on port 9000.
Thu Dec 27 11:39:25 EST 2012:          Server started.
Thu Dec 27 11:44:25 EST 2012:          The database server has accepted this machine's IP address.
Thu Dec 27 11:44:25 EST 2012:          The database server has accepted this machine's connection password.
Thu Dec 27 11:44:25 EST 2012:          Successfully connected to the database server "localhost" on port 9000.
Thu Dec 27 11:44:27 EST 2012:          Server started.
Thu Dec 27 11:50:08 EST 2012:          The database server has accepted this machine's IP address.
Thu Dec 27 11:50:08 EST 2012:          The database server has accepted this machine's connection password.
Thu Dec 27 11:50:09 EST 2012:          Successfully connected to the database server "localhost" on port 9000.
Thu Dec 27 11:50:10 EST 2012:          Server started.
Thu Dec 27 11:57:00 EST 2012:          The database server has accepted this machine's IP address.
Thu Dec 27 11:57:00 EST 2012:          The database server has accepted this machine's connection password.
Thu Dec 27 11:57:00 EST 2012:          Successfully connected to the database server "localhost" on port 9000.
Thu Dec 27 11:57:02 EST 2012:          Server started.
Thu Dec 27 12:09:59 EST 2012:          The database server has accepted this machine's IP address.
Thu Dec 27 12:09:59 EST 2012:          The database server has accepted this machine's connection password.
Thu Dec 27 12:09:59 EST 2012:          Successfully connected to the database server "localhost" on port 9000.
Thu Dec 27 12:10:01 EST 2012:          Server started.
Thu Dec 27 15:52:06 EST 2012:          The database server has accepted this machine's IP address.
Thu Dec 27 15:52:06 EST 2012:          The database server has accepted this machine's connection password.
Thu Dec 27 15:52:06 EST 2012:          Successfully connected to the database server "localhost" on port 9000.
Thu Dec 27 15:52:08 EST 2012:          Server started.
Thu Dec 27 15:52:47 EST 2012:          The database server has accepted this machine's IP address.
Thu Dec 27 15:52:47 EST 2012:          The database server has accepted this machine's connection password.
Thu Dec 27 15:52:47 EST 2012:          Successfully connected to the database server "localhost" on port 9000.
Thu Dec 27 15:52:48 EST 2012:          Server started.
Thu Dec 27 15:57:15 EST 2012:          The database server has accepted this machine's IP address.
Thu Dec 27 15:57:15 EST 2012:          The database server has accepted this machine's connection password.
Thu Dec 27 15:57:15 EST 2012:          Successfully connected to the database server "localhost" on port 9000.
Thu Dec 27 15:57:16 EST 2012:          Server started.
Thu Dec 27 16:02:26 EST 2012:          The database server has accepted this machine's IP address.
Thu Dec 27 16:02:26 EST 2012:          The database server has accepted this machine's connection password.
Thu Dec 27 16:02:26 EST 2012:          Successfully connected to the database server "localhost" on port 9000.
Thu Dec 27 16:02:27 EST 2012:          Server started.
Thu Dec 27 16:05:36 EST 2012:          The database server has accepted this machine's IP address.
Thu Dec 27 16:05:36 EST 2012:          The database server has accepted this machine's connection password.
Thu Dec 27 16:05:37 EST 2012:          Successfully connected to the database server "localhost" on port 9000.
Thu Dec 27 16:05:39 EST 2012:          Server started.
Thu Dec 27 16:43:43 EST 2012:          The database server has accepted this machine's IP address.
Thu Dec 27 16:43:43 EST 2012:          The database server has accepted this machine's connection password.
Thu Dec 27 16:43:43 EST 2012:          Successfully connected to the database server "localhost" on port 9000.
Thu Dec 27 16:43:44 EST 2012:          Server started.
Thu Dec 27 16:45:34 EST 2012:          The database server has accepted this machine's IP address.
Thu Dec 27 16:45:34 EST 2012:          The database server has accepted this machine's connection password.
Thu Dec 27 16:45:34 EST 2012:          Successfully connected to the database server "localhost" on port 9000.
Thu Dec 27 16:45:36 EST 2012:          Server started.
Thu Dec 27 17:05:19 EST 2012:          The connection to the database server he ended unexpectedly due to an internet error. The server has been stopped.
Thu Dec 27 17:05:52 EST 2012:          The database server has accepted this machine's IP address.
Thu Dec 27 17:05:52 EST 2012:          The database server has accepted this machine's connection password.
Thu Dec 27 17:05:53 EST 2012:          Successfully connected to the database server "localhost" on port 9000.
Thu Dec 27 17:05:54 EST 2012:          Server started.
Thu Dec 27 17:09:03 EST 2012:          The connection to the database server he ended unexpectedly due to an internet error. The server has been stopped.
Thu Dec 27 17:10:05 EST 2012:          The database server has accepted this machine's IP address.
Thu Dec 27 17:10:05 EST 2012:          The database server has accepted this machine's connection password.
Thu Dec 27 17:10:05 EST 2012:          Successfully connected to the database server "localhost" on port 9000.
Thu Dec 27 17:10:07 EST 2012:          Server started.
Thu Dec 27 17:13:23 EST 2012:          The database server has accepted this machine's IP address.
Thu Dec 27 17:13:23 EST 2012:          The database server has accepted this machine's connection password.
Thu Dec 27 17:13:23 EST 2012:          Successfully connected to the database server "localhost" on port 9000.
Thu Dec 27 17:13:25 EST 2012:          Server started.
Thu Dec 27 17:17:33 EST 2012:          The database server has accepted this machine's IP address.
Thu Dec 27 17:17:33 EST 2012:          The database server has accepted this machine's connection password.
Thu Dec 27 17:17:33 EST 2012:          Successfully connected to the database server "localhost" on port 9000.
Thu Dec 27 17:17:35 EST 2012:          Server started.
Thu Dec 27 17:24:33 EST 2012:          The database server has accepted this machine's IP address.
Thu Dec 27 17:24:33 EST 2012:          The database server has accepted this machine's connection password.
Thu Dec 27 17:24:33 EST 2012:          Successfully connected to the database server "localhost" on port 9000.
Thu Dec 27 17:24:35 EST 2012:          Server started.
Thu Dec 27 17:30:11 EST 2012:          The database server has accepted this machine's IP address.
Thu Dec 27 17:30:11 EST 2012:          The database server has accepted this machine's connection password.
Thu Dec 27 17:30:11 EST 2012:          Successfully connected to the database server "localhost" on port 9000.
Thu Dec 27 17:30:13 EST 2012:          Server started.
Thu Dec 27 17:32:34 EST 2012:          The database server has accepted this machine's IP address.
Thu Dec 27 17:32:34 EST 2012:          The database server has accepted this machine's connection password.
Thu Dec 27 17:32:34 EST 2012:          Successfully connected to the database server "localhost" on port 9000.
Thu Dec 27 17:32:36 EST 2012:          Server started.
Thu Dec 27 17:35:41 EST 2012:          The database server has accepted this machine's IP address.
Thu Dec 27 17:35:41 EST 2012:          The database server has accepted this machine's connection password.
Thu Dec 27 17:35:41 EST 2012:          Successfully connected to the database server "localhost" on port 9000.
Thu Dec 27 17:35:42 EST 2012:          Server started.
Thu Dec 27 17:37:25 EST 2012:          The database server has accepted this machine's IP address.
Thu Dec 27 17:37:25 EST 2012:          The database server has accepted this machine's connection password.
Thu Dec 27 17:37:25 EST 2012:          Successfully connected to the database server "localhost" on port 9000.
Thu Dec 27 17:37:26 EST 2012:          Server started.
Thu Dec 27 17:38:08 EST 2012:          The database server has accepted this machine's IP address.
Thu Dec 27 17:38:08 EST 2012:          The database server has accepted this machine's connection password.
Thu Dec 27 17:38:08 EST 2012:          Successfully connected to the database server "localhost" on port 9000.
Thu Dec 27 17:38:09 EST 2012:          Server started.
Thu Dec 27 17:42:57 EST 2012:          The database server has accepted this machine's IP address.
Thu Dec 27 17:42:57 EST 2012:          The database server has accepted this machine's connection password.
Thu Dec 27 17:42:57 EST 2012:          Successfully connected to the database server "localhost" on port 9000.
Thu Dec 27 17:42:59 EST 2012:          Server started.
Thu Dec 27 17:43:58 EST 2012:          The database server has accepted this machine's IP address.
Thu Dec 27 17:43:58 EST 2012:          The database server has accepted this machine's connection password.
Thu Dec 27 17:43:58 EST 2012:          Successfully connected to the database server "localhost" on port 9000.
Thu Dec 27 17:43:59 EST 2012:          Server started.
Thu Dec 27 17:46:10 EST 2012:          The database server has accepted this machine's IP address.
Thu Dec 27 17:46:10 EST 2012:          The database server has accepted this machine's connection password.
Thu Dec 27 17:46:10 EST 2012:          Successfully connected to the database server "localhost" on port 9000.
Thu Dec 27 17:46:12 EST 2012:          Server started.
Thu Dec 27 17:51:08 EST 2012:          The database server has accepted this machine's IP address.
Thu Dec 27 17:51:08 EST 2012:          The database server has accepted this machine's connection password.
Thu Dec 27 17:51:09 EST 2012:          Successfully connected to the database server "localhost" on port 9000.
Thu Dec 27 17:51:10 EST 2012:          Server started.
Thu Dec 27 17:55:00 EST 2012:          The database server has accepted this machine's IP address.
Thu Dec 27 17:55:00 EST 2012:          The database server has accepted this machine's connection password.
Thu Dec 27 17:55:01 EST 2012:          Successfully connected to the database server "localhost" on port 9000.
Thu Dec 27 17:55:02 EST 2012:          Server started.
Thu Dec 27 17:58:16 EST 2012:          The database server has accepted this machine's IP address.
Thu Dec 27 17:58:17 EST 2012:          The database server has accepted this machine's connection password.
Thu Dec 27 17:58:17 EST 2012:          Successfully connected to the database server "localhost" on port 9000.
Thu Dec 27 17:58:18 EST 2012:          Server started.
Thu Dec 27 18:01:11 EST 2012:          The database server has accepted this machine's IP address.
Thu Dec 27 18:01:11 EST 2012:          The database server has accepted this machine's connection password.
Thu Dec 27 18:01:11 EST 2012:          Successfully connected to the database server "localhost" on port 9000.
Thu Dec 27 18:01:12 EST 2012:          Server started.
Thu Dec 27 18:05:49 EST 2012:          The database server has accepted this machine's IP address.
Thu Dec 27 18:05:49 EST 2012:          The database server has accepted this machine's connection password.
Thu Dec 27 18:05:49 EST 2012:          Successfully connected to the database server "localhost" on port 9000.
Thu Dec 27 18:05:51 EST 2012:          Server started.
Thu Dec 27 19:00:21 EST 2012:          The database server has accepted this machine's IP address.
Thu Dec 27 19:00:21 EST 2012:          The database server has accepted this machine's connection password.
Thu Dec 27 19:00:21 EST 2012:          Successfully connected to the database server "localhost" on port 9000.
Thu Dec 27 19:00:23 EST 2012:          Server started.
Thu Dec 27 19:01:54 EST 2012:          The database server has accepted this machine's IP address.
Thu Dec 27 19:01:54 EST 2012:          The database server has accepted this machine's connection password.
Thu Dec 27 19:01:54 EST 2012:          Successfully connected to the database server "localhost" on port 9000.
Thu Dec 27 19:01:56 EST 2012:          Server started.
Thu Dec 27 19:03:35 EST 2012:          The database server has accepted this machine's IP address.
Thu Dec 27 19:03:36 EST 2012:          The database server has accepted this machine's connection password.
Thu Dec 27 19:03:36 EST 2012:          Successfully connected to the database server "localhost" on port 9000.
Thu Dec 27 19:03:37 EST 2012:          Server started.
Thu Dec 27 19:08:31 EST 2012:          The database server has accepted this machine's IP address.
Thu Dec 27 19:08:31 EST 2012:          The database server has accepted this machine's connection password.
Thu Dec 27 19:08:31 EST 2012:          Successfully connected to the database server "localhost" on port 9000.
Thu Dec 27 19:08:33 EST 2012:          Server started.
Thu Dec 27 19:18:54 EST 2012:          The database server has accepted this machine's IP address.
Thu Dec 27 19:18:54 EST 2012:          The database server has accepted this machine's connection password.
Thu Dec 27 19:18:55 EST 2012:          Successfully connected to the database server "localhost" on port 9000.
Thu Dec 27 19:18:58 EST 2012:          Server started.
Thu Dec 27 19:20:35 EST 2012:          The database server has accepted this machine's IP address.
Thu Dec 27 19:20:35 EST 2012:          The database server has accepted this machine's connection password.
Thu Dec 27 19:20:35 EST 2012:          Successfully connected to the database server "localhost" on port 9000.
Thu Dec 27 19:20:37 EST 2012:          Server started.
Thu Dec 27 19:21:38 EST 2012:          The database server has accepted this machine's IP address.
Thu Dec 27 19:21:39 EST 2012:          The database server has accepted this machine's connection password.
Thu Dec 27 19:21:39 EST 2012:          Successfully connected to the database server "localhost" on port 9000.
Thu Dec 27 19:21:40 EST 2012:          Server started.
Thu Dec 27 19:24:01 EST 2012:          The database server has accepted this machine's IP address.
Thu Dec 27 19:24:01 EST 2012:          The database server has accepted this machine's connection password.
Thu Dec 27 19:24:01 EST 2012:          Successfully connected to the database server "localhost" on port 9000.
Thu Dec 27 19:24:02 EST 2012:          Server started.
Thu Dec 27 19:27:21 EST 2012:          The database server has accepted this machine's IP address.
Thu Dec 27 19:27:21 EST 2012:          The database server has accepted this machine's connection password.
Thu Dec 27 19:27:21 EST 2012:          Successfully connected to the database server "localhost" on port 9000.
Thu Dec 27 19:27:23 EST 2012:          Server started.
Thu Dec 27 19:36:13 EST 2012:          The database server has accepted this machine's IP address.
Thu Dec 27 19:36:13 EST 2012:          The database server has accepted this machine's connection password.
Thu Dec 27 19:36:13 EST 2012:          Successfully connected to the database server "localhost" on port 9000.
Thu Dec 27 19:36:15 EST 2012:          Server started.
Thu Dec 27 19:44:59 EST 2012:          The database server has accepted this machine's IP address.
Thu Dec 27 19:44:59 EST 2012:          The database server has accepted this machine's connection password.
Thu Dec 27 19:44:59 EST 2012:          Successfully connected to the database server "localhost" on port 9000.
Thu Dec 27 19:45:01 EST 2012:          Server started.
Thu Dec 27 19:46:01 EST 2012:          The database server has accepted this machine's IP address.
Thu Dec 27 19:46:01 EST 2012:          The database server has accepted this machine's connection password.
Thu Dec 27 19:46:01 EST 2012:          Successfully connected to the database server "localhost" on port 9000.
Thu Dec 27 19:46:03 EST 2012:          Server started.
Mon Jan 07 21:46:12 EST 2013:          The database server has accepted this machine's IP address.
Mon Jan 07 21:46:12 EST 2013:          The database server has accepted this machine's connection password.
Mon Jan 07 21:46:13 EST 2013:          Successfully connected to the database server "localhost" on port 9000.
Mon Jan 07 21:46:17 EST 2013:          Server started.
Tue May 14 15:13:54 EDT 2013:          The database server has accepted this machine's IP address.
Tue May 14 15:13:54 EDT 2013:          The database server has accepted this machine's connection password.
Tue May 14 15:13:55 EDT 2013:          Successfully connected to the database server "localhost" on port 9000.
Tue May 14 15:14:53 EDT 2013:          The database server has accepted this machine's IP address.
Tue May 14 15:14:53 EDT 2013:          The database server has accepted this machine's connection password.
Tue May 14 15:14:53 EDT 2013:          Successfully connected to the database server "localhost" on port 9000.
Tue May 14 15:15:01 EDT 2013:          Server started.
Thu Aug 29 18:21:43 EDT 2013:          The database server has accepted this machine's IP address.
Thu Aug 29 18:21:44 EDT 2013:          The database server has accepted this machine's connection password.
Thu Aug 29 18:21:44 EDT 2013:          Successfully connected to the database server "localhost" on port 9000.
Thu Aug 29 18:21:55 EDT 2013:          Server started.
Thu Aug 29 18:24:13 EDT 2013:          Server stopped.
Mon Oct 14 16:55:37 EDT 2013:          The database server has accepted this machine's IP address.
Mon Oct 14 16:55:37 EDT 2013:          The database server has accepted this machine's connection password.
Mon Oct 14 16:55:38 EDT 2013:          Successfully connected to the database server "localhost" on port 9000.
Mon Oct 14 16:55:40 EDT 2013:          Server started.
Sat Oct 26 14:41:19 EDT 2013:          The database server has accepted this machine's IP address.
Sat Oct 26 14:41:19 EDT 2013:          The database server has accepted this machine's connection password.
Sat Oct 26 14:41:19 EDT 2013:          Successfully connected to the database server "localhost" on port 9000.
Sat Oct 26 14:41:22 EDT 2013:          Server started.
Sat Oct 26 14:43:51 EDT 2013:          Server stopped.
Sat Oct 26 14:43:54 EDT 2013:          The database server has accepted this machine's IP address.
Sat Oct 26 14:43:55 EDT 2013:          The database server has accepted this machine's connection password.
Sat Oct 26 14:43:55 EDT 2013:          Successfully connected to the database server "localhost" on port 9000.
Sat Oct 26 14:43:57 EDT 2013:          Failed to start server. Reason: Messaging server unable to use port 9998.
Sat Oct 26 14:44:05 EDT 2013:          Failed to start server. Reason: Main server unable to use port 9999.
Sat Aug 22 20:30:34 EDT 2015:          The database server has accepted this machine's IP address.
Sat Aug 22 20:30:34 EDT 2015:          The database server has accepted this machine's connection password.
Sat Aug 22 20:30:34 EDT 2015:          Successfully connected to the database server "localhost" on port 9000.
Sat Aug 22 20:30:41 EDT 2015:          Failed to start server. Reason: Messaging server unable to use port 9998.
Sat Aug 22 20:31:47 EDT 2015:          The database server has accepted this machine's IP address.
Sat Aug 22 20:31:47 EDT 2015:          The database server has accepted this machine's connection password.
Sat Aug 22 20:31:47 EDT 2015:          Successfully connected to the database server "localhost" on port 9000.
Sat Aug 22 20:31:51 EDT 2015:          Failed to start server. Reason: Messaging server unable to use port 9998.
Sat Aug 22 20:32:04 EDT 2015:          Failed to start server. Reason: Main server unable to use port 9999.
Sat Aug 22 20:33:45 EDT 2015:          The database server has accepted this machine's IP address.
Sat Aug 22 20:33:45 EDT 2015:          The database server has accepted this machine's connection password.
Sat Aug 22 20:33:45 EDT 2015:          Successfully connected to the database server "localhost" on port 9000.
Sat Aug 22 20:33:49 EDT 2015:          Failed to start server. Reason: Messaging server unable to use port 9998.
Sat Aug 22 20:34:23 EDT 2015:          Failed to start server. Reason: Main server unable to use port 9999.
Sat Aug 22 20:34:36 EDT 2015:          The database server has accepted this machine's IP address.
Sat Aug 22 20:34:36 EDT 2015:          The database server has accepted this machine's connection password.
Sat Aug 22 20:34:36 EDT 2015:          Successfully connected to the database server "localhost" on port 9000.
Sat Aug 22 20:34:40 EDT 2015:          Failed to start server. Reason: Messaging server unable to use port 9998.
Sat Aug 22 20:37:16 EDT 2015:          The database server has accepted this machine's IP address.
Sat Aug 22 20:37:17 EDT 2015:          The database server has accepted this machine's connection password.
Sat Aug 22 20:37:17 EDT 2015:          Successfully connected to the database server "localhost" on port 9000.
Sat Aug 22 20:37:19 EDT 2015:          Failed to start server. Reason: Messaging server unable to use port 9998.
Sat Aug 22 20:41:39 EDT 2015:          The database server has accepted this machine's IP address.
Sat Aug 22 20:41:39 EDT 2015:          The database server has accepted this machine's connection password.
Sat Aug 22 20:41:39 EDT 2015:          Successfully connected to the database server "localhost" on port 9000.
Sat Aug 22 20:41:47 EDT 2015:          Failed to start server. Reason: Messaging server unable to use port 9998.
Sat Aug 22 20:42:50 EDT 2015:          The database server has accepted this machine's IP address.
Sat Aug 22 20:42:50 EDT 2015:          The database server has accepted this machine's connection password.
Sat Aug 22 20:42:50 EDT 2015:          Successfully connected to the database server "localhost" on port 9000.
Sat Aug 22 20:45:25 EDT 2015:          The database server has accepted this machine's IP address.
Sat Aug 22 20:45:25 EDT 2015:          The database server has accepted this machine's connection password.
Sat Aug 22 20:45:25 EDT 2015:          Successfully connected to the database server "localhost" on port 9000.
Sat Aug 22 20:45:27 EDT 2015:          Failed to start server. Reason: Room data server unable to use port 9997
Sat Aug 22 20:45:58 EDT 2015:          The database server has accepted this machine's IP address.
Sat Aug 22 20:45:58 EDT 2015:          The database server has accepted this machine's connection password.
Sat Aug 22 20:45:58 EDT 2015:          Successfully connected to the database server "localhost" on port 9000.
Sat Aug 22 20:45:59 EDT 2015:          Failed to start server. Reason: Room data server unable to use port 9997
Sat Aug 22 20:46:25 EDT 2015:          The database server has accepted this machine's IP address.
Sat Aug 22 20:46:25 EDT 2015:          The database server has accepted this machine's connection password.
Sat Aug 22 20:46:25 EDT 2015:          Successfully connected to the database server "localhost" on port 9000.
Sat Aug 22 20:46:26 EDT 2015:          Failed to start server. Reason: Room data server unable to use port 9997
Sat Aug 22 20:47:21 EDT 2015:          The database server has accepted this machine's IP address.
Sat Aug 22 20:47:21 EDT 2015:          The database server has accepted this machine's connection password.
Sat Aug 22 20:47:21 EDT 2015:          Successfully connected to the database server "localhost" on port 9000.
Sat Aug 22 20:47:22 EDT 2015:          Failed to start server. Reason: Room data server unable to use port 9997
Sat Aug 22 20:50:56 EDT 2015:          The database server has accepted this machine's IP address.
Sat Aug 22 20:50:56 EDT 2015:          The database server has accepted this machine's connection password.
Sat Aug 22 20:50:56 EDT 2015:          Successfully connected to the database server "localhost" on port 9000.
Sat Aug 22 20:50:57 EDT 2015:          Failed to start server. Reason: Room data server unable to use port 9997
Sat Aug 22 20:52:06 EDT 2015:          The database server has accepted this machine's IP address.
Sat Aug 22 20:52:06 EDT 2015:          The database server has accepted this machine's connection password.
Sat Aug 22 20:52:06 EDT 2015:          Successfully connected to the database server "localhost" on port 9000.
Sat Aug 22 20:52:07 EDT 2015:          Failed to start server. Reason: Room data server unable to use port 9997
Sat Aug 22 20:54:41 EDT 2015:          The database server has accepted this machine's IP address.
Sat Aug 22 20:54:41 EDT 2015:          The database server has accepted this machine's connection password.
Sat Aug 22 20:54:41 EDT 2015:          Successfully connected to the database server "localhost" on port 9000.
Sat Aug 22 20:54:54 EDT 2015:          The database server has accepted this machine's IP address.
Sat Aug 22 20:54:54 EDT 2015:          The database server has accepted this machine's connection password.
Sat Aug 22 20:54:54 EDT 2015:          Successfully connected to the database server "localhost" on port 9000.
Sat Aug 22 20:56:22 EDT 2015:          The database server has accepted this machine's IP address.
Sat Aug 22 20:56:22 EDT 2015:          The database server has accepted this machine's connection password.
Sat Aug 22 20:56:22 EDT 2015:          Successfully connected to the database server "localhost" on port 9000.
Sat Aug 22 20:56:36 EDT 2015:          The database server has accepted this machine's IP address.
Sat Aug 22 20:56:36 EDT 2015:          The database server has accepted this machine's connection password.
Sat Aug 22 20:56:36 EDT 2015:          Successfully connected to the database server "localhost" on port 9000.
Sat Aug 22 20:56:46 EDT 2015:          The database server has accepted this machine's IP address.
Sat Aug 22 20:56:46 EDT 2015:          The database server has accepted this machine's connection password.
Sat Aug 22 20:56:46 EDT 2015:          Successfully connected to the database server "localhost" on port 9000.
Sat Aug 22 20:59:15 EDT 2015:          The database server has accepted this machine's IP address.
Sat Aug 22 20:59:15 EDT 2015:          The database server has accepted this machine's connection password.
Sat Aug 22 20:59:15 EDT 2015:          Successfully connected to the database server "localhost" on port 9000.
Sat Aug 22 20:59:59 EDT 2015:          The database server has accepted this machine's IP address.
Sat Aug 22 20:59:59 EDT 2015:          The database server has accepted this machine's connection password.
Sat Aug 22 20:59:59 EDT 2015:          Successfully connected to the database server "localhost" on port 9000.
Sat Aug 22 21:02:15 EDT 2015:          The database server has accepted this machine's IP address.
Sat Aug 22 21:02:15 EDT 2015:          The database server has accepted this machine's connection password.
Sat Aug 22 21:02:15 EDT 2015:          Successfully connected to the database server "localhost" on port 9000.
Sat Aug 22 21:08:28 EDT 2015:          The database server has accepted this machine's IP address.
Sat Aug 22 21:08:28 EDT 2015:          The database server has accepted this machine's connection password.
Sat Aug 22 21:08:28 EDT 2015:          Successfully connected to the database server "localhost" on port 9000.
Sat Aug 22 21:08:31 EDT 2015:          Server started.
Sat Aug 22 21:50:49 EDT 2015:          The database server has accepted this machine's IP address.
Sat Aug 22 21:50:49 EDT 2015:          The database server has accepted this machine's connection password.
Sat Aug 22 21:50:49 EDT 2015:          Successfully connected to the database server "localhost" on port 9000.
Sat Aug 22 21:50:56 EDT 2015:          Server started.
Sat Aug 22 21:59:49 EDT 2015:          The database server has accepted this machine's IP address.
Sat Aug 22 21:59:49 EDT 2015:          The database server has accepted this machine's connection password.
Sat Aug 22 21:59:49 EDT 2015:          Successfully connected to the database server "localhost" on port 9000.
Sat Aug 22 21:59:51 EDT 2015:          Server started.
Sun Aug 23 09:49:01 EDT 2015:          The database server has accepted this machine's IP address.
Sun Aug 23 09:49:01 EDT 2015:          The database server has accepted this machine's connection password.
Sun Aug 23 09:49:01 EDT 2015:          Successfully connected to the database server "localhost" on port 9000.
Sun Aug 23 09:49:04 EDT 2015:          Server started.
